0 info it worked if it ends with ok
1 verbose cli [ 'C:\\Program Files\\nodejs\\node.exe',
1 verbose cli   'C:\\Program Files\\nodejs\\node_modules\\npm\\bin\\npm-cli.js',
1 verbose cli   'i',
1 verbose cli   'fontAwesome' ]
2 info using npm@2.14.7
3 info using node@v4.2.2
4 verbose install initial load of D:\WORK\for_yandex_1\package.json
5 warn package.json gulp-project@1.0.0 No repository field.
6 warn package.json gulp-project@1.0.0 No README data
7 warn package.json gulp-project@1.0.0 No license field.
8 verbose installManyTop reading scoped package data from D:\WORK\for_yandex_1\node_modules\browser-sync\package.json
9 verbose installManyTop reading scoped package data from D:\WORK\for_yandex_1\node_modules\gulp\package.json
10 verbose installManyTop reading scoped package data from D:\WORK\for_yandex_1\node_modules\gulp-autoprefixer\package.json
11 verbose installManyTop reading scoped package data from D:\WORK\for_yandex_1\node_modules\gulp-clean-css\package.json
12 verbose installManyTop reading scoped package data from D:\WORK\for_yandex_1\node_modules\gulp-concat\package.json
13 verbose installManyTop reading scoped package data from D:\WORK\for_yandex_1\node_modules\gulp-rename\package.json
14 verbose installManyTop reading scoped package data from D:\WORK\for_yandex_1\node_modules\gulp-sass\package.json
15 verbose installManyTop reading scoped package data from D:\WORK\for_yandex_1\node_modules\gulp-uglify\package.json
16 verbose installManyTop reading scoped package data from D:\WORK\for_yandex_1\node_modules\node-bourbon\package.json
17 info package.json gulp-rename@1.2.2 No license field.
18 verbose readDependencies loading dependencies from D:\WORK\for_yandex_1\package.json
19 silly cache add args [ 'fontAwesome', null ]
20 verbose cache add spec fontAwesome
21 silly cache add parsed spec Result {
21 silly cache add   raw: 'fontAwesome',
21 silly cache add   scope: null,
21 silly cache add   name: 'fontAwesome',
21 silly cache add   rawSpec: '',
21 silly cache add   spec: '*',
21 silly cache add   type: 'range' }
22 silly addNamed fontAwesome@*
23 verbose addNamed "*" is a valid semver range for fontAwesome
24 silly addNameRange { name: 'fontAwesome', range: '*', hasData: false }
25 silly mapToRegistry name fontAwesome
26 silly mapToRegistry using default registry
27 silly mapToRegistry registry https://registry.npmjs.org/
28 silly mapToRegistry uri https://registry.npmjs.org/fontAwesome
29 verbose addNameRange registry:https://registry.npmjs.org/fontAwesome not in flight; fetching
30 verbose request uri https://registry.npmjs.org/fontAwesome
31 verbose request no auth needed
32 info attempt registry request try #1 at 19:45:02
33 verbose request id cf07e2ababd7d458
34 http request GET https://registry.npmjs.org/fontAwesome
35 http 404 https://registry.npmjs.org/fontAwesome
36 verbose headers { 'content-type': 'application/json',
36 verbose headers   'cache-control': 'max-age=0',
36 verbose headers   'content-length': '2',
36 verbose headers   'accept-ranges': 'bytes',
36 verbose headers   date: 'Sun, 27 Mar 2016 16:45:04 GMT',
36 verbose headers   via: '1.1 varnish',
36 verbose headers   age: '0',
36 verbose headers   connection: 'keep-alive',
36 verbose headers   'x-served-by': 'cache-fra1240-FRA',
36 verbose headers   'x-cache': 'MISS',
36 verbose headers   'x-cache-hits': '0',
36 verbose headers   'x-timer': 'S1459097103.861579,VS0,VE717' }
37 silly get cb [ 404,
37 silly get   { 'content-type': 'application/json',
37 silly get     'cache-control': 'max-age=0',
37 silly get     'content-length': '2',
37 silly get     'accept-ranges': 'bytes',
37 silly get     date: 'Sun, 27 Mar 2016 16:45:04 GMT',
37 silly get     via: '1.1 varnish',
37 silly get     age: '0',
37 silly get     connection: 'keep-alive',
37 silly get     'x-served-by': 'cache-fra1240-FRA',
37 silly get     'x-cache': 'MISS',
37 silly get     'x-cache-hits': '0',
37 silly get     'x-timer': 'S1459097103.861579,VS0,VE717' } ]
38 verbose stack Error: Registry returned 404 for GET on https://registry.npmjs.org/fontAwesome
38 verbose stack     at makeError (C:\Program Files\nodejs\node_modules\npm\node_modules\npm-registry-client\lib\request.js:264:12)
38 verbose stack     at CachingRegistryClient.<anonymous> (C:\Program Files\nodejs\node_modules\npm\node_modules\npm-registry-client\lib\request.js:242:14)
38 verbose stack     at Request._callback (C:\Program Files\nodejs\node_modules\npm\node_modules\npm-registry-client\lib\request.js:172:14)
38 verbose stack     at Request.self.callback (C:\Program Files\nodejs\node_modules\npm\node_modules\request\request.js:198:22)
38 verbose stack     at emitTwo (events.js:87:13)
38 verbose stack     at Request.emit (events.js:172:7)
38 verbose stack     at Request.<anonymous> (C:\Program Files\nodejs\node_modules\npm\node_modules\request\request.js:1063:14)
38 verbose stack     at emitOne (events.js:82:20)
38 verbose stack     at Request.emit (events.js:169:7)
38 verbose stack     at IncomingMessage.<anonymous> (C:\Program Files\nodejs\node_modules\npm\node_modules\request\request.js:1009:12)
39 verbose statusCode 404
40 verbose pkgid fontAwesome
41 verbose cwd D:\WORK\for_yandex_1
42 error Windows_NT 10.0.10240
43 error argv "C:\\Program Files\\nodejs\\node.exe" "C:\\Program Files\\nodejs\\node_modules\\npm\\bin\\npm-cli.js" "i" "fontAwesome"
44 error node v4.2.2
45 error npm  v2.14.7
46 error code E404
47 error 404 Registry returned 404 for GET on https://registry.npmjs.org/fontAwesome
47 error 404
47 error 404 'fontAwesome' is not in the npm registry.
47 error 404 Your package name is not valid, because
47 error 404
47 error 404  1. name can no longer contain capital letters
47 error 404 It was specified as a dependency of 'gulp-project'
47 error 404
47 error 404 Note that you can also install from a
47 error 404 tarball, folder, http url, or git url.
48 verbose exit [ 1, true ]
